[debug] [2025-11-21T20:37:27.048Z] ----------------------------------------------------------------------
[debug] [2025-11-21T20:37:27.050Z] Command:       C:\nvm4w\nodejs\node.exe C:\Users\froze\AppData\Roaming\npm\node_modules\firebase-tools\lib\bin\firebase.js init emulators
[debug] [2025-11-21T20:37:27.051Z] CLI Version:   14.26.0
[debug] [2025-11-21T20:37:27.051Z] Platform:      win32
[debug] [2025-11-21T20:37:27.051Z] Node Version:  v20.19.5
[debug] [2025-11-21T20:37:27.051Z] Time:          Sat Nov 22 2025 02:07:27 GMT+0530 (India Standard Time)
[debug] [2025-11-21T20:37:27.051Z] ----------------------------------------------------------------------
[debug] 
[info] 
     ######## #### ########  ######## ########     ###     ######  ########
     ##        ##  ##     ## ##       ##     ##  ##   ##  ##       ##
     ######    ##  ########  ######   ########  #########  ######  ######
     ##        ##  ##    ##  ##       ##     ## ##     ##       ## ##
     ##       #### ##     ## ######## ########  ##     ##  ######  ########

You're about to initialize a Firebase project in this directory:

  D:\invosync\backend

Before we get started, keep in mind:

  * You are initializing within an existing Firebase project directory

[debug] [2025-11-21T20:38:53.974Z] ExitPromptError: User force closed the prompt with SIGINT
    at Interface.sigint (C:\Users\froze\AppData\Roaming\npm\node_modules\firebase-tools\node_modules\@inquirer\core\dist\commonjs\lib\create-prompt.js:101:37)
    at Interface.emit (node:events:524:28)
    at Interface.emit (node:domain:489:12)
    at [_ttyWrite] [as _ttyWrite] (node:internal/readline/interface:1128:18)
    at ReadStream.onkeypress (node:internal/readline/interface:267:20)
    at ReadStream.emit (node:events:536:35)
    at ReadStream.emit (node:domain:489:12)
    at emitKeys (node:internal/readline/utils:371:14)
    at emitKeys.next (<anonymous>)
    at ReadStream.onData (node:internal/readline/emitKeypressEvents:64:36)
[error] 
[error] Error: An unexpected error has occurred.
